508: it
507: she
249: her
235: with
213: at
465: said
198: on
194: all
180: had
684: a
167: be
1703: the
417: in
158: for
158: this
155: not
152: or
401: I
142: very
388: Alice
131: but
131: little
128: so
127: The
126: is
374: you
116: out
112: they
360: was
102: down
102: up
101: about
101: one
101: what
99: he
97: his
609: of
94: its
858: and
87: were
86: know
86: them
85: like
84: again
83: Project
83: by
83: herself
81: do
81: if
81: went
80: have
79: And
79: could
77: no
77: would
73: any
73: thought
72: are
72: into
71: Queen
71: then
70: when
70: your
67: off
67: time
66: see
65: me
59: Im
59: King
58: Mock
58: Turtle
58: an
58: began
58: did
57: from
57: quite
55: Gryphon
55: Gutenbergtm
55: must
55: my
55: way
54: Hatter
54: other
54: who
52: You
52: dont
52: head
52: much
52: some
52: think
52: work
51: their
50: more
50: there
49: say
49: such
49: thing
49: which
816: to
48: go
48: now
48: only
47: looked
47: voice
45: It
45: got
45: just
45: never
44: can
44: get
43: him
43: round
42: came
42: first
42: here
42: over
41: Duchess
41: how
41: tone
40: But
40: Rabbit
40: What
39: Dormouse
38: back
38: been
37: before
37: great
37: well
36: She
35: after
35: two
35: will
34: Ive
34: large
34: long
33: March
33: found
33: last
33: made
33: without
33: works
32: If
32: Oh
32: put
31: Hare
31: Ill
31: right
31: things
30: Why
30: heard
30: looking
30: next
30: once
30: should
30: upon
29: Mouse
29: door
29: make
29: moment
29: nothing
29: replied
28: Caterpillar
28: Illustration
28: There
28: added
28: away
28: dear
28: eyes
28: may
28: might
28: we
283: that
27: How
27: So
27: cant
27: electronic
27: seemed
27: tell
27: than
27: three
27: too
26: Its
26: come
26: course
26: going
26: look
26: poor
26: rather
26: use
25: Gutenberg
25: day
25: shall
25: wont
24: Cat
24: This
24: good
24: same
24: set
24: soon
24: took
23: A
23: Well
23: another
23: ever
23: felt
23: minute
22: getting
22: half
22: old
22: till
22: wish
21: Come
21: Foundation
21: Then
21: White
21: curious
21: find
21: under
21: words
20: He
20: They
20: anything
20: cried
20: sure
20: terms
19: In
19: No
19: being
19: court
19: feet
19: hand
19: take
19: tried
19: while
19: yet
18: THE
18: Thats
18: end
18: even
18: house
18: something
18: through
18: turned
18: wonder
17: agreement
17: asked
17: both
17: doesnt
17: eat
17: enough
17: face
17: jury
17: question
17: side
17: sort
17: table
16: As
16: Do
16: air
16: bit
16: called
16: done
16: full
16: hastily
16: high
16: idea
16: left
16: people
16: ran
16: sat
16: spoke
16: talking
16: thats
16: theres
16: these
15: For
15: Off
15: am
15: because
15: close
15: garden
15: gave
15: hear
15: indeed
15: knew
15: near
15: please
15: saying
15: us
15: used
15: whole
14: Alices
14: However
14: Who
14: anxiously
14: beginning
14: better
14: change
14: changed
14: didnt
14: itself
14: low
14: ought
14: perhaps
14: remember
14: saw
14: seen
14: talk
14: trying
14: youre
13: Archive
13: Dodo
13: Literary
13: OF
13: Of
13: Soup
13: arm
13: begin
13: behind
13: cats
13: certainly
13: cook
13: dance
13: far
13: gone
13: grow
13: hands
13: kept
13: mad
13: many
13: nearly
13: room
13: sea
13: silence
13: size
13: still
13: where
13: why
13: word
12: At
12: CHAPTER
12: Dinah
12: Majesty
12: Page
12: Sidenote
12: That
12: We
12: Yes
12: afraid
12: among
12: baby
12: best
12: cat
12: copy
12: copyright
12: deal
12: donations
12: every
12: give
12: help
12: life
12: makes
12: our
12: read
12: small
12: speak
12: suddenly
12: suppose
12: turning
11: Bill
11: Id
11: Knave
11: Now
11: Pigeon
11: always
11: angrily
11: ask
11: finished
11: game
11: glad
11: growing
11: hardly
11: hurried
11: hurry
11: keep
11: minutes
11: name
11: really
11: rest
11: tea
11: try
11: waited
11: wasnt
11: whether
11: wouldnt
10: Let
10: License
10: Not
10: States
10: United
10: When
10: access
10: against
10: believe
10: bottle
10: child
10: children
10: creatures
10: different
10: either
10: else
10: fan
10: few
10: gloves
10: has
10: having
10: heads
10: hedgehog
10: lessons
10: matter
10: mean
10: most
10: mouth
10: opened
10: own
10: paragraph
10: queer
10: remark
10: remarked
10: repeated
10: sight
10: sitting
10: soldiers
10: tears
10: theyre
10: thinking
10: though
10: together
10: walked
10: want
10: witness
10: yourself
9: To
9: agree
9: answer
9: beg
9: birds
9: coming
9: conversation
9: couldnt
9: does
9: dry
9: foot
9: forth
9: glass
9: hall
9: hard
9: interrupted
9: join
9: key
9: mind
9: mouse
9: offended
9: opportunity
9: party
9: place
9: pool
9: puzzled
9: rate
9: reason
9: seem
9: shook
9: shouted
9: slowly
9: story
9: tail
9: those
9: timidly
9: trademark
9: watch
9: written
8: Dont
8: Here
8: Queens
8: Theres
8: Which
8: While
8: Would
8: Youre
8: almost
8: appeared
8: asleep
8: associated
8: beautiful
8: business
8: days
8: drew
8: each
8: eagerly
8: everything
8: explain
8: fact
8: fee
8: feel
8: followed
8: free
8: gardeners
8: golden
8: happen
8: havent
8: including
8: laws
8: learn
8: least
8: leave
8: live
8: lying
8: making
8: marked
8: meaning
8: moral
8: mushroom
8: new
8: nose
8: noticed
8: others
8: part
8: person
8: play
8: public
8: ready
8: refund
8: running
8: sister
8: slates
8: stood
8: subject
8: tired
8: trees
8: waiting
8: white
8: whiting
8: window
8: wondering
8: youd
7: After
7: All
7: An
7: Cheshire
7: English
7: First
7: Five
7: Footman
7: Just
7: Lory
7: Section
7: Soooop
7: William
7: YOU
7: arms
7: begun
7: book
7: breath
7: bright
7: chin
7: continued
7: copies
7: crowded
7: deep
7: distance
7: distributing
7: doing
7: domain
7: draw
7: dream
7: eBooks
7: eye
7: fall
7: fancy
7: feeling
7: frightened
7: generally
7: goes
7: grown
7: hadnt
7: hair
7: happened
7: history
7: hold
7: however
7: isnt
7: kind
7: larger
7: let
7: listen
7: lobsters
7: manage
7: means
7: middle
7: mine
7: myself
7: neck
7: nonsense
7: notice
7: number
7: open
7: outside
7: pack
7: permission
7: pleased
7: provide
7: sentence
7: shes
7: shoes
7: silent
7: sir
7: sit
7: song
7: surprised
7: tale
7: tarts
7: top
7: trial
7: turn
7: understand
7: wood
7: world
7: writing
6: Ah
6: Ann
6: Are
6: Hearts
6: IN
6: Mary
6: OR
6: One
6: Please
6: Two
6: With
6: Wonderland
6: angry
6: asking
6: become
6: below
6: breadandbutter
6: broken
6: carried
6: charge
6: comply
6: croquet
6: distribution
6: dreadfully
6: eBook
6: ear
6: evidence
6: exclaimed
6: executed
6: fell
6: forgotten
6: four
6: grin
6: grunted
6: himself
6: home
6: important
6: inches
6: itll
6: jumped
6: late
6: leaves
6: liked
6: loud
6: melancholy
6: nice
6: often
6: oh
6: paid
6: pardon
6: pig
6: players
6: politely
6: puppy
6: received
6: repeat
6: roof
6: second
6: serpent
6: sharp
6: sleep
6: sneezing
6: somebody
6: state
6: stay
6: sudden
6: tax
6: times
6: told
6: trembling
6: trouble
6: using
6: violently
6: youth
6: youve
5: 1E1
5: AND
5: Adventures
5: Beautiful
5: By
5: Information
5: Lizard
5: Lobster
5: Seven
5: THIS
5: Tell
5: Turn
5: Very
5: Will
5: across
5: alone
5: along
5: aloud
5: altogether
5: animals
5: anyone
5: between
5: call
5: cannot
5: case
5: cause
5: certain
5: chimney
5: confusion
5: curiosity
5: cut
5: dead
5: direction
5: distribute
5: dropped
5: ears
5: eggs
5: everybody
5: exactly
5: executioner
5: faces
5: fetch
5: finger
5: finish
5: flamingo
5: form
5: happens
5: height
5: honour
5: hookah
5: hot
5: instantly
5: interesting
5: jurymen
5: kid
5: knee
5: likely
5: man
5: mark
5: meant
5: medium
5: moved
5: nearer
5: nervous
5: nine
5: nobody
5: pair
5: paper
5: particular
5: passed
5: pepper
5: piece
5: pocket
5: posted
5: procession
5: quietly
5: remembered
5: reply
5: rules
5: sadly
5: school
5: seems
5: several
5: shant
5: shouldnt
5: shriek
5: shrill
5: shut
5: sighed
5: simple
5: since
5: sing
5: sleepy
5: sounded
5: speaking
5: stand
5: states
5: stop
5: strange
5: stupid
5: surprise
5: swam
5: taking
5: temper
5: ten
5: true
5: twice
5: twinkle
5: unless
5: until
5: usual
5: ventured
5: volunteers
5: walk
5: walking
5: waving
5: whispered
5: within
5: won
5: write
5: wrong
5: yer
5: young
4: 1E8
4: 1F3
4: ALICES
4: Beauootiful
4: Bills
4: Call
4: FOR
4: Father
4: French
4: Her
4: Mabel
4: Nothing
4: On
4: PROJECT
4: Quadrille
4: Sure
4: Tis
4: Where
4: Yet
4: age
4: alarm
4: also
4: answered
4: arches
4: argument
4: available
4: bats
4: beat
4: begins
4: bottom
4: bowed
4: box
4: busily
4: capital
4: care
4: chance
4: collection
4: comes
4: compliance
4: confused
4: copying
4: cost
4: creature
4: crowd
4: crumbs
4: cry
4: dare
4: decidedly
4: deeply
4: difficulty
4: dish
4: displaying
4: distributed
4: dogs
4: doubt
4: drink
4: earth
4: easily
4: editions
4: escape
4: explanation
4: fallen
4: fast
4: fear
4: fees
4: fellow
4: file
4: format
4: freely
4: frowning
4: further
4: girl
4: grass
4: green
4: ground
4: guineapigs
4: hearing
4: held
4: holder
4: hope
4: hours
4: impatiently
4: indignantly
4: individual
4: judge
4: jumping
4: jurors
4: jurybox
4: keeping
4: kitchen
4: law
4: lay
4: led
4: less
4: lets
4: letter
4: lives
4: located
4: managed
4: met
4: morning
4: moving
4: natural
4: none
4: officers
4: online
4: opening
4: ordered
4: otherwise
4: owner
4: pale
4: panting
4: passage
4: paws
4: perfectly
4: phrase
4: pictures
4: plan
4: pointing
4: porpoise
4: produced
4: providing
4: puzzling
4: quarrelling
4: questions
4: reach
4: reading
4: removed
4: requirements
4: rosetree
4: rule
4: savage
4: says
4: screamed
4: severely
4: short
4: shoulder
4: shoulders
4: shouting
4: shrinking
4: sides
4: sigh
4: site
4: sky
4: sobs
4: solemnly
4: sometimes
4: sound
4: soup
4: stairs
4: status
4: stick
4: support
4: suppressed
4: swim
4: taken
4: taught
4: theyd
4: theyll
4: thimble
4: thoughtfully
4: tiny
4: today
4: tongue
4: tree
4: trials
4: twelve
4: twinkling
4: uncomfortable
4: vanished
4: verse
4: verses
4: wanted
4: water
4: worth
4: wow
4: youll
3: 1
3: 1E7
3: 1E9
3: 3
3: 4
3: ADVENTURES
3: ALICE
3: ANY
3: ASCII
3: Advice
3: BY
3: CURIOUSER
3: Carroll
3: Caucusrace
3: Consider
3: Did
3: Down
3: Duck
3: Eaglet
3: Everybody
3: Exactly
3: Foundations
3: GUTENBERG
3: General
3: Give
3: Go
3: Have
3: Hold
3: Is
3: Kings
3: LIMITED
3: Lewis
3: M
3: ME
3: Mad
3: May
3: Miss
3: My
3: Never
3: Nobody
3: Once
3: Only
3: Owl
3: Panther
3: Perhaps
3: Pool
3: Pray
3: Rabbits
3: Right
3: Said
3: See
3: Serpent
3: Silence
3: Some
3: Take
3: Tears
3: Thank
3: Theyre
3: Thus
3: Time
3: Tortoise
3: Twinkle
3: US
3: WONDERLAND
3: Web
3: Whats
3: above
3: additional
3: advance
3: advantage
3: adventures
3: alas
3: alive
3: allow
3: already
3: anxious
3: anywhere
3: appear
3: applicable
3: around
3: attending
3: based
3: bat
3: beheaded
3: besides
3: bird
3: boots
3: bound
3: breathe
3: bringing
3: brought
3: butter
3: cake
3: cakes
3: candle
3: cards
3: carefully
3: catch
3: caught
3: cautiously
3: checked
3: cheered
3: choked
3: chorus
3: civil
3: complying
3: confusing
3: considered
3: considering
3: constant
3: contact
3: corner
3: country
3: courage
3: creating
3: crossed
3: crown
3: dark
3: dears
3: decided
3: defective
3: delight
3: derivative
3: directions
3: directly
3: donate
3: doth
3: dull
3: eager
3: easy
3: edge
3: eeevening
3: effect
3: efforts
3: elbow
3: em
3: email
3: entity
3: equipment
3: except
3: expecting
3: faster
3: figure
3: filled
3: finding
3: fire
3: fish
3: fit
3: flew
3: floor
3: flowers
3: fly
3: flying
3: folded
3: follow
3: following
3: fond
3: footman
3: forgetting
3: friend
3: fun
3: funny
3: fur
3: future
3: general
3: gently
3: girls
3: grand
3: grave
3: gravely
3: grinned
3: growl
3: guess
3: guessed
3: guests
3: handed
3: hanging
3: hedgehogs
3: hers
3: hoarse
3: holding
3: hoping
3: hour
3: howling
3: hungry
3: hunting
3: hurt
3: immediate
3: immediately
3: impossible
3: included
3: information
3: instance
3: instead
3: joined
3: kick
3: knocking
3: knowledge
3: lady
3: land
3: legs
3: license
3: limitation
3: links
3: list
3: listening
3: lived
3: livery
3: longer
3: lost
3: loudly
3: love
3: master
3: meet
3: mentioned
3: mice
3: miles
3: mission
3: mistake
3: money
3: mouths
3: move
3: music
3: muttering
3: neednt
3: nibbling
3: night
3: noise
3: notion
3: nursing
3: obliged
3: obtain
3: oclock
3: official
3: order
3: outoftheway
3: page
3: paragraphs
3: passion
3: pattering
3: paw
3: payments
3: peeped
3: performing
3: permitted
3: picked
3: pieces
3: pity
3: plate
3: pleaded
3: poison
3: possibly
3: pressed
3: printed
3: prizes
3: proper
3: provided
3: putting
3: quiet
3: real
3: receive
3: remained
3: remarking
3: remarks
3: repeating
3: replacement
3: return
3: rose
3: roses
3: run
3: sad
3: saucepan
3: sending
3: sense
3: sent
3: serpents
3: settled
3: shaking
3: sharply
3: shore
3: show
3: sighing
3: slipped
3: smaller
3: snail
3: sobbing
3: solemn
3: somewhere
3: sorts
3: sounds
3: spectacles
3: speech
3: spread
3: staring
3: stole
3: stopped
3: stuff
3: succeeded
3: suit
3: sulky
3: sun
3: tails
3: takes
3: taste
3: tasted
3: teacup
3: telescope
3: text
3: themselves
3: throw
3: timid
3: toes
3: tossing
3: treacle
3: trumpet
3: tucked
3: turns
3: unfortunate
3: unusually
3: upset
3: user
3: venture
3: verdict
3: voices
3: watching
3: weak
3: web
3: week
3: whatever
3: whats
3: whiskers
3: whisper
3: wide
3: wild
3: worse
3: wrote
3: wwwgutenbergnet
3: years
3: yesterday
3: yours
2: 126
2: 1C
2: 1E
2: 50
2: 501c3
2: 90
2: AGREE
2: AUSTIN
2: Arthur
2: BALLANTYNE
2: BREACH
2: BUT
2: Beneath
2: CHORUS
2: Can
2: Cats
2: Collections
2: Conqueror
2: Crab
2: DAMAGES
2: DOBSON
2: DRINK
2: Digging
2: Digital
2: Dinahll
2: Distributed
2: Does
2: Donations
2: Dr
2: Duchesss
2: EBOOK
2: END
2: Edwin
2: Emmy
2: Except
2: Explain
2: FULL
2: Fetch
2: FishFootman
2: Florida
2: Found
2: From
2: Full
2: Fury
2: Get
2: Gutenbergs
2: Hart
2: Has
2: Hush
2: II
2: III
2: IV
2: IX
2: Jana
2: Keep
2: LICENSE
2: Latitude
2: Like
2: Longitude
2: Mercia
2: Michael
2: Morcar
2: Mystery
2: NO
2: NOT
2: Nearly
2: Next
2: Northumbria
2: O
2: Online
2: Our
2: PRINTED
2: Paris
2: Pat
2: Pennyworth
2: Pepper
2: Pig
2: Plain
2: Poor
2: Presently
2: Prizes
2: Produced
2: Proofreading
2: RABBIT
2: Rackham
2: Really
2: Royalty
2: S
2: START
2: Shall
2: Shes
2: Speak
2: Srna
2: Suppose
2: THAT
2: TO
2: Tarts
2: Team
2: Terms
2: Treacle
2: Turtles
2: Ugh
2: Uglification
2: Unimportant
2: University
2: Up
2: Use
2: V
2: VI
2: VII
2: VIII
2: Vanilla
2: WARRANTIES
2: WARRANTY
2: WITH
2: Wake
2: Wow
2: X
2: XI
2: XII
2: Youd
2: Youll
2: Your
2: abide
2: absurd
2: accepted
2: accident
2: accordance
2: active
2: addressed
2: advisable
2: afterwards
2: ago
2: andoh
2: anger
2: appearing
2: apples
2: ashamed
2: assembled
2: atom
2: attempt
2: authority
2: bad
2: bank
2: bark
2: barrowful
2: beast
2: beasts
2: beating
2: beautifully
2: became
2: belongs
2: bend
2: bite
2: blasts
2: blew
2: blow
2: body
2: boy
2: branches
2: break
2: brightened
2: bring
2: broke
2: brown
2: burn
2: busy
2: cares
2: carry
2: carrying
2: catching
2: cauldron
2: caused
2: changes
2: changing
2: charges
2: check
2: choice
2: chose
2: claws
2: clear
2: clearly
2: clever
2: clock
2: closed
2: coaxing
2: collected
2: comfits
2: computer
2: computers
2: concept
2: concerning
2: concert
2: concluded
2: conclusion
2: consider
2: considerable
2: contain
2: contemptuously
2: conversations
2: cool
2: copied
2: costs
2: courtiers
2: crash
2: created
2: crimson
2: croquetground
2: crossexamine
2: crying
2: cup
2: cupboards
2: curled
2: cushion
2: custody
2: damages
2: dancing
2: daresay
2: date
2: declare
2: defect
2: delighted
2: delightful
2: denied
2: deny
2: depends
2: destroy
2: difficult
2: digging
2: dinner
2: dipped
2: directed
2: disappeared
2: disclaimer
2: dishes
2: dispute
2: distant
2: dog
2: doors
2: doorway
2: double
2: doubtful
2: doubtfully
2: downwards
2: dreadful
2: dreamy
2: drunk
2: earls
2: earnestly
2: effort
2: electronically
2: employees
2: encouraging
2: engaged
2: entangled
2: entirely
2: evening
2: excellent
2: execution
2: executions
2: exempt
2: expenses
2: experiment
2: extraordinary
2: extremely
2: faintly
2: falling
2: fancied
2: fashion
2: father
2: feather
2: federal
2: feeble
2: feelings
2: ferrets
2: fight
2: files
2: fine
2: fix
2: flamingoes
2: flat
2: footsteps
2: forehead
2: forget
2: forgot
2: formats
2: fountains
2: friends
2: fright
2: frog
2: front
2: games
2: generations
2: generously
2: giddy
2: given
2: giving
2: goldfish
2: goose
2: grew
2: guineapig
2: happy
2: hasnt
2: heart
2: heavy
2: hedge
2: hes
2: hint
2: hit
2: httppglaforg
2: httpwwwpgdpnet
2: humbly
2: hurriedly
2: ill
2: images
2: ing
2: inside
2: intellectual
2: interrupting
2: introduce
2: invitation
2: invited
2: jar
2: jaws
2: kindly
2: knife
2: knot
2: knowing
2: knows
2: label
2: laid
2: lap
2: lasted
2: laughed
2: leaning
2: learning
2: learnt
2: lefthand
2: legal
2: liability
2: lie
2: lieu
2: limited
2: line
2: linked
2: living
2: lobster
2: locations
2: locks
2: lonely
2: longed
2: loose
2: lovely
2: magic
2: manner
2: matters
2: meekly
2: merely
2: messages
2: mile
2: miserable
2: missed
2: mixed
2: moments
2: month
2: mostly
2: mustard
2: muttered
2: names
2: narrow
2: neatly
2: neither
2: nibbled
2: nicely
2: nor
2: notebook
2: nowhere
2: nurse
2: obtaining
2: occurred
2: offer
2: office
2: older
2: ones
2: ordering
2: ornamented
2: owns
2: painting
2: parchment
2: patiently
2: pause
2: paying
2: pebbles
2: persisted
2: personal
2: physical
2: picking
2: pie
2: pigs
2: pinched
2: plates
2: playing
2: pleasure
2: plenty
2: position
2: prepare
2: present
2: presents
2: prevent
2: proceed
2: prominently
2: promoting
2: property
2: protect
2: proud
2: prove
2: proved
2: purpose
2: purring
2: push
2: quickly
2: quotation
2: rabbit
2: rabbithole
2: race
2: railway
2: raised
2: rapidly
2: rattling
2: raving
2: reaching
2: readable
2: reasonable
2: receipt
2: recovered
2: red
2: references
2: registered
2: regular
2: relief
2: remain
2: remaining
2: remarkable
2: research
2: resting
2: restrictions
2: returned
2: reuse
2: righthand
2: ring
2: ringlets
2: row
2: royal
2: royalties
2: rubbing
2: rude
2: rush
2: safe
2: salt
2: sang
2: save
2: scream
2: scroll
2: search
2: secondly
2: sell
2: send
2: sensation
2: setting
2: shaped
2: share
2: shared
2: sharing
2: shell
2: shorter
2: shower
2: showing
2: shutting
2: signed
2: simply
2: singers
2: singing
2: sisters
2: six
2: slate
2: smallest
2: smile
2: smiled
2: smiling
2: smoking
2: snatch
2: sneeze
2: sneezes
2: solicit
2: sooner
2: sorrow
2: sorrowful
2: specified
2: splashing
2: squeaking
2: stamping
2: started
2: startled
2: stirring
2: stoop
2: straight
2: stretched
2: struck
2: sulkily
2: summer
2: swimming
2: taller
2: teacups
2: teatime
2: telling
2: tells
2: themand
2: thistle
2: thoroughly
2: thoughts
2: thousand
2: threelegged
2: threw
2: throat
2: throwing
2: thump
2: tied
2: tiptoe
2: tis
2: tomorrow
2: tones
2: treading
2: trembled
2: triumphantly
2: trotting
2: tumbling
2: turtles
2: twist
2: ugly
2: underneath
2: uneasily
2: unfolded
2: unhappy
2: unpleasant
2: unrolled
2: useful
2: usually
2: various
2: violent
2: visit
2: waistcoatpocket
2: wandered
2: wandering
2: wants
2: wash
2: washing
2: wasting
2: watched
2: wet
2: weve
2: whatsoever
2: whenever
2: wherever
2: whom
2: whose
2: widest
2: wig
2: wildly
2: wind
2: wine
2: wink
2: wise
2: wonderful
2: wretched
2: yawned
2: yawning
2: year
257: as
1: 100
1: 103
1: 104
1: 111
1: 116
1: 13
1: 132
1: 139
1: 140
1: 150
1: 1500
1: 153
1: 158
1: 19
1: 1A
1: 1B
1: 1D
1: 1E2
1: 1E3
1: 1E4
1: 1E5
1: 1E6
1: 1F
1: 1F1
1: 1F2
1: 1F4
1: 1F5
1: 1F6
1: 2
1: 20
1: 2001
1: 2009
1: 22
1: 24
1: 28
1: 28885
1: 28885txt
1: 28885zip
1: 30
1: 33
1: 35
1: 36
1: 37
1: 41
1: 42
1: 4557
1: 49
1: 5
1: 5000
1: 5961887
1: 60
1: 64
1: 646221541
1: 66
1: 69
1: 70
1: 74
1: 8
1: 801
1: 809
1: 82
1: 84
1: 84116
1: 91
1: 96
1: 99712
1: ACTUAL
1: ADVICE
1: AGREEMENT
1: AK
1: ALICESADVENTURES
1: ANYTHING
1: ARTHURRACKHAM
1: ASIS
1: AT
1: About
1: Ada
1: Additional
1: Against
1: Ahem
1: Alas
1: Allow
1: Always
1: Anon
1: Antipathies
1: Any
1: Anything
1: Archbishop
1: ArithmeticAmbition
1: Atheling
1: Austin
1: Australia
1: Author
1: B
1: BE
1: BEFORE
1: BILL
1: BYLEWISCARROLL
1: Back
1: Be
1: Because
1: Before
1: Begin
1: Behead
1: Besides
1: Between
1: Blackandwhite
1: Boots
1: Bring
1: Bythebye
1: CARROLLS
1: CATERPILLAR
1: CAUCUSRACE
1: COLOURTYPE
1: COMPANY
1: CONSEQUENTIAL
1: CONTENTS
1: CONTRACT
1: CROQUETGROUND
1: Canary
1: Cant
1: Canterbury
1: Caterpillars
1: Certainly
1: Change
1: Chaos
1: Character
1: Chief
1: Childhoods
1: Chorus
1: Christmas
1: City
1: Classical
1: Coils
1: Collar
1: Coming
1: Compliance
1: Contact
1: Contributions
1: Copyright
1: Costumier
1: Creating
1: CroquetGround
1: D
1: DAMAGE
1: DIRECT
1: DISCLAIMER
1: DISTRIBUTE
1: DISTRIBUTOR
1: DONATIONS
1: DOWN
1: Date
1: Dear
1: Defect
1: Defects
1: Derision
1: Despite
1: Dinahs
1: Dinn
1: Director
1: Distraction
1: Dobson
1: Domain
1: Dormouses
1: Drawling
1: Drawlingmaster
1: Drawlingthe
1: Drink
1: Drive
1: EAT
1: EBook
1: EIN
1: ENGLAND
1: EVEN
1: EVIDENCE
1: EXCEPT
1: EXPRESS
1: Each
1: Edgar
1: Either
1: Elsie
1: Email
1: Enchanting
1: End
1: England
1: Esq
1: Even
1: Every
1: Everything
1: Evidence
1: Executive
1: F3
1: FITNESS
1: FOUNDATION
1: FROM
1: Fainting
1: Fairbanks
1: Fender
1: Fifteenth
1: Foot
1: Footmans
1: Fortytwo
1: Fourteenth
1: France
1: FrogFootman
1: Frontispiece
1: GIVE
1: GUTENBERGtm
1: Game
1: Geography
1: Goodbye
1: Grammar
1: Gregory
1: Grief
1: Gutenbergtms
1: HAMLET
1: HAVE
1: HEARTS
1: HENTSCHEL
1: HERE
1: Hadnt
1: Halfcomic
1: Halfpast
1: Hand
1: Hardly
1: Hatters
1: Heads
1: Hearthrug
1: Herald
1: Hes
1: Him
1: His
1: Hjckrrh
1: Hm
1: IF
1: IIm
1: ILLUSTRATEDBY
1: ILLUSTRATIONS
1: IMPLIED
1: INCIDENTAL
1: INCLUDING
1: INDEMNITY
1: INDIRECT
1: INWONDERLAND
1: IRS
1: IT
1: Idiot
1: Illustrated
1: Illustrator
1: Imagine
1: Imperious
1: Improve
1: Indeed
1: Internal
1: International
1: Involved
1: Itll
1: Itsits
1: Jackinthebox
1: KIND
1: KING
1: LARGE
1: LEAR
1: LIABILITY
1: LIABLE
1: LIST
1: LITTLE
1: LOBSTER
1: LONDON
1: LONDONWILLIAMHEINEMANN
1: LONG
1: LTD
1: Lacie
1: Lake
1: Language
1: Lastly
1: Latin
1: Laughing
1: Lay
1: Leave
1: Lets
1: Little
1: Lizards
1: London
1: Long
1: Look
1: Luckily
1: MAD
1: MARMALADE
1: MERCHANTIBILITY
1: MOCK
1: Ma
1: Maam
1: Magpie
1: Many
1: Marchjust
1: Melan
1: Memorys
1: Mind
1: Mine
1: Mission
1: Mississippi
1: Most
1: Mouses
1: Multiplication
1: NEGLIGENCE
1: NEWYORKDOUBLEDAYPAGECo
1: NOTICE
1: New
1: Newby
1: Night
1: Nile
1: Nonsense
1: Nor
1: Normans
1: North
1: Notes
1: Number
1: ORANGE
1: OTHER
1: OWNER
1: Or
1: Ou
1: PAGE
1: PARAGRAPH
1: PEPPER
1: PG
1: PGLAF
1: PIG
1: PLATES
1: PLEASE
1: POOL
1: POSSIBILITY
1: PRESS
1: PROEM
1: PROVIDED
1: PUNITIVE
1: PURPOSE
1: Party
1: Pinch
1: Pluckd
1: Prima
1: Proem
1: Professor
1: Public
1: Puss
1: QUADRILLE
1: QUEEN
1: QUEENS
1: QueenWhat
1: Quick
1: RABBITHOLE
1: READ
1: REFUND
1: REMEDIES
1: REPLACEMENT
1: REPRODUCED
1: RIGHT
1: RIP
1: RabbitHole
1: RabbitsPat
1: Read
1: Redistributing
1: Redistribution
1: Reeling
1: Refund
1: Release
1: Repeat
1: Replacement
1: Revenue
1: Rome
1: Romeno
1: Rule
1: Run
1: SEND
1: SENDS
1: SOUP
1: STOLE
1: STORY
1: STREET
1: STRICT
1: SUCH
1: Salt
1: Same
1: Seals
1: Seaography
1: Sections
1: Secunda
1: Sent
1: Sentence
1: Service
1: Sh
1: Shakespeare
1: Shant
1: Shark
1: Shed
1: Shell
1: Sing
1: Sit
1: Sixteenth
1: Soles
1: Somebody
1: Soon
1: Sounds
1: Special
1: Stand
1: Stigand
1: Still
1: Stole
1: Stolen
1: Stop
1: Story
1: Stretching
1: Stuff
1: Stupid
1: Such
1: Suddenly
1: Suppress
1: Swim
1: T
1: TALE
1: TARTS
1: TAVISTOCK
1: TEAPARTY
1: TEARS
1: TENNIEL
1: TEXT
1: THERE
1: THEY
1: THOSE
1: TRADEMARK
1: TURTLES
1: Table
1: Tale
1: Talking
1: Taste
1: Tea
1: TeaParty
1: Teaparty
1: Ten
1: Tertia
1: Thatll
1: Their
1: Therefore
1: These
1: Thinking
1: Those
1: Though
1: Three
1: Tillie
1: Title
1: Too
1: Transcribers
1: Trims
1: Truth
1: Turtlewe
1: Tut
1: Twentyfour
1: Type
1: Types
1: UNDER
1: USE
1: UT
1: Unless
1: Updated
1: VAN
1: Visit
1: Volunteers
1: W
1: WHO
1: WILL
1: WINKLE
1: WORK
1: Waiting
1: Was
1: West
1: Wheres
1: Whoever
1: Whos
1: Williams
1: Wouldnt
1: Write
1: Writhing
1: Youve
1: Zealand
1: able
1: absence
1: accept
1: acceptance
1: accepting
1: accessed
1: accessible
1: accidentally
1: account
1: accounting
1: accounts
1: accusation
1: accustomed
1: ache
1: act
1: actually
1: adding
1: addition
1: additions
1: address
1: addresses
1: addressing
1: adjourn
1: adoption
1: adventuresbeginning
1: advice
1: advise
1: affair
1: affectionately
1: afford
1: afore
1: afresh
1: afternoon
1: aftertime
1: againbefore
1: agent
1: agony
1: agreed
1: airs
1: alarmed
1: aloneCatch
1: alteration
1: altered
1: alternate
1: alternately
1: ancient
1: andthats
1: animal
1: annoy
1: annoyed
1: answers
1: apiece
1: apostrophe
1: appealed
1: appearance
1: appears
1: applause
1: apply
1: approach
1: arch
1: archbishop
1: argue
1: argued
1: arguments
1: arise
1: armchair
1: arminarm
1: arranged
1: array
1: arrived
1: arrow
1: arrum
1: art
1: askance
1: assistance
1: ate
1: attached
1: attempted
1: attended
1: attends
1: audibly
1: avail
1: avoid
1: awayyou
1: awfully
1: axes
1: axis
1: b
1: babythe
1: backs
1: backsomersault
1: bag
1: baked
1: balanced
1: balls
1: band
1: banks
1: bankthe
1: banquet
1: barking
1: bathing
1: bawled
1: beak
1: bear
1: bearMind
1: beautiFUL
1: beautify
1: becoming
1: bed
1: beds
1: bee
1: begged
1: beheading
1: believed
1: belong
1: beloved
1: belt
1: bent
1: beor
1: bill
1: binary
1: birthday
1: bitterandbarleysugar
1: blacking
1: blades
1: blame
1: bleeds
1: blown
1: blows
1: blue
1: boldly
1: bone
1: bones
1: books
1: bookshelves
1: boon
1: bore
1: bother
1: bough
1: bowing
1: boxed
1: boyand
1: brain
1: branch
1: brass
1: brave
1: breadknife
1: breeze
1: brighteyed
1: bristling
1: brothers
1: brush
1: brushing
1: burning
1: burnt
1: burst
1: bursting
1: businesspglaforg
1: buttercup
1: buttered
1: butterfly
1: buttons
1: bythe
1: c
1: calculate
1: calculated
1: calling
1: calmly
1: camlet
1: camomile
1: canbut
1: canvas
1: capering
1: card
1: cardboard
1: carrier
1: carthorse
1: cartwheels
1: caterpillar
1: cattle
1: cease
1: ceiling
1: centre
1: chains
1: chanced
1: character
1: charitable
1: charities
1: chat
1: chatte
1: cheap
1: cheated
1: checks
1: cheeks
1: cheerfully
1: cherrytart
1: chief
1: childhood
1: childish
1: childlife
1: chimneyNay
1: chimneys
1: choke
1: choking
1: choose
1: choosing
1: chop
1: chrysalisyou
1: chuckled
1: circle
1: circumstances
1: claim
1: clamour
1: clapping
1: clasped
1: clean
1: cleared
1: clearer
1: climb
1: clinging
1: closely
1: closer
1: closing
1: clothofgold
1: clubs
1: coast
1: codes
1: coffee
1: cold
1: colon
1: comfort
1: comfortable
1: comfortably
1: commercial
1: committed
1: common
1: commotion
1: company
1: compilation
1: complained
1: complaining
1: completely
1: compressed
1: con
1: conduct
1: confirmation
1: confirmed
1: congereel
1: conquest
1: consented
1: consultation
1: containing
1: contempt
1: contemptuous
1: content
1: contradicted
1: contributions
1: convert
1: cornerNo
1: corners
1: corporation
1: corrupt
1: counting
1: countries
1: couple
1: couples
1: courseIf
1: coward
1: crab
1: crashNow
1: crashed
1: crawled
1: crawling
1: crazy
1: creation
1: credit
1: creep
1: crept
1: crew
1: cries
1: critical
1: crocodile
1: croqueted
1: croqueting
1: cross
1: crossly
1: crouched
1: cruel
1: cucumberframe
1: cucumberframes
1: cun
1: cur
1: curiouser
1: curls
1: curly
1: currants
1: current
1: curtain
1: curtsey
1: curtseying
1: curving
1: custard
1: cute
1: cutting
1: dainties
1: daisies
1: daisychain
1: damage
1: damaged
1: darkness
1: data
1: dates
1: daughter
1: dayschool
1: de
1: death
1: declared
1: deductible
1: deeds
1: deepest
1: deft
1: delay
1: deletions
1: demand
1: demn
1: denies
1: denying
1: derive
1: derived
1: described
1: deserved
1: despair
1: desperate
1: desperately
1: detach
1: determine
1: diamonds
1: die
1: died
1: difficulties
1: dig
1: diligently
1: dinn
1: disagree
1: disappointment
1: disclaim
1: disclaimers
1: discontinue
1: discover
1: discovered
1: disgust
1: disk
1: dismay
1: disobey
1: display
1: displayed
1: distancebut
1: dive
1: dodged
1: donation
1: donors
1: doorI
1: dose
1: doubledup
1: doubling
1: downHere
1: downloading
1: dozing
1: draggled
1: drained
1: drawing
1: dreamchild
1: dreamed
1: dreaming
1: dreams
1: dressed
1: dried
1: driest
1: drinking
1: dripping
1: drive
1: drop
1: dropping
1: drowned
1: duck
1: dunce
1: during
1: eaten
1: eating
1: eats
1: edict
1: edition
1: educational
1: educationsin
1: eel
1: eels
1: egg
1: elbows
1: elect
1: elegant
1: eleventh
1: elsebut
1: elses
1: emphasis
1: employee
1: empty
1: encoding
1: encourage
1: encouraged
1: ending
1: energetic
1: engraved
1: enjoy
1: enormous
1: enoughI
1: ensuring
1: entrance
1: errors
1: especially
1: est
1: events
1: everythings
1: evidently
1: exact
1: examining
1: exclamation
1: exclusion
1: execute
1: executes
1: executioners
1: executiononce
1: existence
1: exists
1: expected
1: expend
1: expense
1: explained
1: explanations
1: exporting
1: expressing
1: expression
1: extent
1: extras
1: eyelids
1: eyesand
1: faceand
1: facility
1: fading
1: failure
1: faint
1: fair
1: fairly
1: fairytales
1: familiarly
1: family
1: fancyWhos
1: fancying
1: fanned
1: fanning
1: farmer
1: farmyardwhile
1: faroff
1: farther
1: fat
1: favoured
1: favourite
1: feared
1: feathers
1: feebly
1: fellows
1: fidgeted
1: field
1: fifteen
1: fifth
1: fig
1: fighting
1: figures
1: fills
1: financial
1: finds
1: finishes
1: finishing
1: fireirons
1: fireplace
1: firstthey
1: firstverdict
1: fishand
1: fishes
1: fits
1: fitted
1: five
1: fixed
1: flame
1: flapper
1: flappers
1: flashed
1: flashes
1: flavour
1: flinging
1: flock
1: flowerbeds
1: flowerpot
1: flown
1: flung
1: flurry
1: flustered
1: fluttered
1: folding
1: follows
1: fondofof
1: foolish
1: footmen
1: forepaws
1: fork
1: forwards
1: fourth
1: friendly
1: frighten
1: fryingpan
1: fumbled
1: furious
1: furiously
1: furrow
1: furrows
1: fury
1: gain
1: gained
1: gallons
1: gardenhow
1: gather
1: gay
1: gazing
1: gbnewbypglaforg
1: gentle
1: gentler
1: glanced
1: glaring
1: glide
1: globe
1: gloomily
1: glovesthat
1: goals
1: goodnatured
1: goodnaturedly
1: govern
1: graceful
1: grant
1: granted
1: gratefully
1: gravy
1: grazed
1: grey
1: grinning
1: grins
1: gross
1: groundand
1: group
1: growled
1: growling
1: growls
1: grumbled
1: grunt
1: guard
1: guide
1: guilt
1: halfpast
1: halftragic
1: hammered
1: handsome
1: handwriting
1: happening
1: harm
1: harmless
1: haste
1: hat
1: hatching
1: hate
1: hateC
1: hated
1: hatter
1: hatters
1: headBrandy
1: heap
1: hearth
1: hearts
1: hed
1: hedges
1: heels
1: hell
1: helped
1: helpless
1: hersshe
1: hid
1: hide
1: highest
1: himHow
1: himit
1: hippopotamus
1: hiss
1: hoarsely
1: holiday
1: hollow
1: honest
1: hoped
1: hopeful
1: hopeless
1: hopes
1: hottempered
1: housemaid
1: houses
1: howled
1: httpgutenbergnetlicense
1: httppglaforgdonate
1: httppglaforgfundraising
1: httpwwwgutenbergnet
1: httpwwwgutenbergorg288828885
1: httpwwwpglaforg
1: humble
1: hundred
1: hundreds
1: hung
1: hurrying
1: hush
1: hypertext
1: identification
1: identify
1: idiotic
1: ifif
1: ignorant
1: imagine
1: imitated
1: immense
1: impatient
1: impertinent
1: implied
1: imposed
1: inaccurate
1: incessantly
1: inclined
1: include
1: includes
1: incomplete
1: increasing
1: indeedI
1: indemnify
1: indicate
1: indicating
1: indignant
1: indirectly
1: infringement
1: injure
1: ink
1: inkstand
1: inquired
1: inquisitively
1: insolence
1: insult
1: interest
1: interpreted
1: interrupt
1: interrupts
1: introduced
1: invalidity
1: invent
1: invented
1: inwards
1: irritated
1: isBe
1: isBirds
1: isOh
1: isTake
1: isThe
1: isoh
1: itThat
1: itonce
1: jaw
1: jellyfish
1: jogged
1: journey
1: joys
1: judging
1: juror
1: justice
1: kettle
1: kill
1: killing
1: kills
1: king
1: kiss
1: kissed
1: kneel
1: knelt
1: knock
1: knocked
1: knowNo
1: knowand
1: known
1: knuckles
1: labelled
1: ladHere
1: ladderWhy
1: lamps
1: languid
1: largest
1: lark
1: lately
1: later
1: laugh
1: laughing
1: laughter
1: lazily
1: lazy
1: leaders
1: leading
1: leant
1: leap
1: learned
1: leastat
1: leaving
1: ledge
1: legally
1: leisurely
1: length
1: lessen
1: lesson
1: lessonbook
1: lessonbooks
1: lest
1: letters
1: library
1: licensed
1: licking
1: lifted
1: likes
1: limbs
1: lines
1: lips
1: listened
1: listeners
1: lit
1: lock
1: locked
1: lodging
1: lookingglass
1: lookout
1: looks
1: lose
1: losing
1: lot
1: louder
1: loveliest
1: loving
1: lower
1: lowing
1: lowspirited
1: luckily
1: lullaby
1: m
1: ma
1: machine
1: machines
1: madat
1: main
1: maintaining
1: mallets
1: managing
1: manners
1: maps
1: marched
1: maximum
1: maybe
1: maynt
1: meal
1: meanstomakeanythingprettier
1: meanwhile
1: measure
1: meat
1: meeting
1: memorandum
1: memory
1: merrily
1: merry
1: method
1: methods
1: miceoh
1: middleaged
1: milk
1: milkjug
1: minded
1: minding
1: minea
1: mineral
1: mischief
1: miss
1: moderate
1: modern
1: modification
1: modified
1: moon
1: morals
1: moreAs
1: morn
1: morsel
1: mournful
1: mournfully
1: mouseO
1: mousea
1: mousehole
1: mouseof
1: mouseto
1: mousetraps
1: mouthsand
1: muchness
1: muchnessdid
1: muchnessyou
1: muddle
1: murder
1: murdering
1: muscular
1: mustardmine
1: mystic
1: named
1: nasty
1: naught
1: neat
1: necessarily
1: need
1: needs
1: neighbour
1: neighbouring
1: nest
1: network
1: neverending
1: nevertheless
1: newsletter
1: newspapers
1: nial
1: nightair
1: ning
1: nodded
1: noises
1: non
1: nonproprietary
1: noticing
1: notifies
1: nowDont
1: nowbut
1: numerous
1: nurseand
1: oars
1: oblong
1: obsolete
1: obstacle
1: occasional
1: occasionally
1: occur
1: odd
1: offend
1: offers
1: officer
1: ointmentone
1: oldest
1: onebut
1: oneself
1: onethe
1: onions
1: onthat
1: opinion
1: opportunities
1: opposite
1: organized
1: original
1: originator
1: otherBill
1: ours
1: ourselves
1: outdated
1: overcome
1: overhead
1: owed
1: oyster
1: pace
1: pages
1: paint
1: pairs
1: panted
1: paperwork
1: pardoned
1: parenthesis
1: particularHere
1: particularly
1: partner
1: partners
1: parts
1: pass
1: passing
1: passionate
1: past
1: patience
1: patriotic
1: patted
1: pattern
1: paused
1: pay
1: peeping
1: peering
1: pegs
1: pen
1: pence
1: pencil
1: pencils
1: pepperbox
1: perennial
1: perform
1: performances
1: performed
1: period
1: periodic
1: permanent
1: persons
1: pet
1: picture
1: pictured
1: piecrust
1: pigbaby
1: pigeon
1: pilgrims
1: pinch
1: pineapple
1: pink
1: piteous
1: pitied
1: placed
1: places
1: placesall
1: plainly
1: planning
1: played
1: pleasant
1: pleasanter
1: pleases
1: pleasing
1: plied
1: pointed
1: poker
1: poky
1: poolshe
1: pop
1: pope
1: positively
1: possessed
1: possession
1: possible
1: pounds
1: pour
1: poured
1: powdered
1: practically
1: practice
1: precious
1: presentat
1: presented
1: preserve
1: pressing
1: pretence
1: pretend
1: pretending
1: pretexts
1: pretty
1: previous
1: principal
1: print
1: prison
1: prisoner
1: prisoners
1: prize
1: problem
1: processing
1: processions
1: produce
1: producing
1: production
1: profit
1: profits
1: prohibition
1: promise
1: promised
1: promising
1: promotion
1: pronounced
1: proofread
1: proposal
1: proprietary
1: prose
1: protection
1: proves
1: provision
1: provisions
1: provoking
1: puffed
1: pulled
1: pulling
1: pun
1: punching
1: punished
1: puppys
1: purple
1: pursue
1: puzzle
1: quaint
1: quarrel
1: quarrelled
1: queerest
1: queerlooking
1: queershaped
1: quick
1: quicker
1: quiver
1: quote
1: rabbitholeand
1: rabbits
1: racecourse
1: rags
1: raising
1: rapped
1: rathole
1: rats
1: rattle
1: raven
1: ravens
1: raw
1: readily
1: realitythe
1: rearing
1: reasons
1: receiving
1: recognised
1: redhot
1: redistribute
1: redistributing
1: redistribution
1: redraped
1: reduced
1: reedsthe
1: refreshments
1: refused
1: regulating
1: relieved
1: remedies
1: remembering
1: reminding
1: remove
1: renamed
1: replace
1: reported
1: reports
1: representations
1: request
1: require
1: required
1: resource
1: respect
1: respectable
1: respectful
1: result
1: retire
1: returning
1: returns
1: rich
1: riddle
1: riddles
1: riddlesI
1: ridge
1: ridges
1: ridiculous
1: rightly
1: riper
1: rippling
1: rise
1: rises
1: rising
1: roared
1: roast
1: rock
1: roots
1: ropeWill
1: roughly
1: royalty
1: rubbed
1: rudeness
1: rumbling
1: rushed
1: rustled
1: rustling
1: sage
1: sand
1: sands
1: saucepans
1: saucer
1: saves
1: saythats
1: scale
1: scaly
1: scattered
1: schoolroom
1: scolded
1: score
1: scrambling
1: scratching
1: screaming
1: scurried
1: seashore
1: seaside
1: seated
1: secret
1: secure
1: seehow
1: seeing
1: seeneverything
1: seldom
1: sends
1: sentenced
1: series
1: seriously
1: settle
1: settling
1: seven
1: severity
1: sh
1: shade
1: shake
1: shape
1: sharks
1: shed
1: shedding
1: sheepbells
1: shelves
1: shepherd
1: shifting
1: shilling
1: shillings
1: shinglewill
1: shining
1: shiny
1: shiver
1: shock
1: shrieked
1: shrieks
1: shrimp
1: shrink
1: shyly
1: sign
1: signifies
1: signify
1: simpleton
1: simplyNever
1: single
1: sink
1: sistersthey
1: sits
1: sixpence
1: sizes
1: skill
1: skimming
1: skirt
1: skyrocket
1: slateOh
1: slatepencil
1: slightest
1: slippery
1: sluggard
1: smoke
1: snappishly
1: sneezed
1: snorting
1: snout
1: soand
1: sob
1: sobbed
1: soft
1: softly
1: soldier
1: solicitation
1: solid
1: somehow
1: somersault
1: son
1: soothing
1: sorrows
1: sorry
1: sourand
1: spades
1: speakand
1: speaker
1: specific
1: speed
1: spell
1: spite
1: splash
1: splashed
1: splendidly
1: spokefancy
1: spoken
1: spoon
1: spot
1: sprawling
1: spreading
1: spreads
1: squeaked
1: squeeze
1: squeezed
1: staff
1: stalk
1: standing
1: starfish
1: start
1: statements
1: station
1: stays
1: steady
1: steamengine
1: steer
1: sternly
1: sticks
1: stiff
1: stingy
1: stir
1: stockings
1: stool
1: stopping
1: stored
1: stories
1: straightened
1: straightening
1: strength
1: stretching
1: strings
1: strove
1: stupidest
1: stupidly
1: subdued
1: subjects
1: submitted
1: subscribe
1: suet
1: sugar
1: supple
1: survive
1: swallow
1: swallowed
1: swallowing
1: swamp
1: sweettempered
1: synonymous
1: tastes
1: taxes
1: teaching
1: teanot
1: teaparty
1: teapot
1: teases
1: teaspoon
1: teathings
1: teatray
1: teeth
1: telescopes
1: terribly
1: terrier
1: terror
1: thank
1: thanked
1: thatIt
1: thatched
1: thatonly
1: theirs
1: themI
1: themall
1: thenI
1: thenalways
1: thenshe
1: theyve
1: theyyouve
1: thick
1: thinand
1: thingsI
1: thingseverything
1: thirteen
1: thirty
1: throne
1: throughout
1: thrown
1: thunder
1: thunderstorm
1: tide
1: tidy
1: tie
1: tight
1: tiniest
1: tinkling
1: tipped
1: tittered
1: toast
1: tongues
1: tonight
1: tops
1: topsyturvy
1: toss
1: toto
1: touch
1: tougher
1: towards
1: toys
1: trademarkcopyright
1: trampled
1: transcribe
1: transcription
1: treaclewell
1: treaclewelleh
1: treat
1: treated
1: treatment
1: tremble
1: tremulous
1: trickling
1: tricks
1: trot
1: trusts
1: truth
1: truthful
1: tuliproots
1: tumbled
1: tunnel
1: tureen
1: turkey
1: turnup
1: tut
1: twelfth
1: twentieth
1: twenty
1: twentyfour
1: twined
1: twinkled
1: types
1: uglify
1: uglifying
1: unable
1: uncivil
1: uncomfortably
1: uncommon
1: uncommonly
1: uncorked
1: understood
1: undertone
1: undertoneimportantunimportantunimportantimportant
1: undo
1: undoing
1: uneasy
1: unenforceability
1: uniform
1: unimportant
1: unjust
1: unlink
1: unlocking
1: unsolicited
1: untwist
1: unwillingly
1: upright
1: upsetting
1: usedand
1: usurpation
1: vague
1: vain
1: vanishing
1: variations
1: variety
1: vegetable
1: velvet
1: version
1: viewed
1: viewing
1: vinegar
1: violates
1: violence
1: virus
1: voicesHold
1: voicethe
1: void
1: volunteer
1: vote
1: vulgar
1: wag
1: wags
1: waist
1: wait
1: walks
1: walrus
1: wander
1: wanderings
1: warning
1: warranties
1: washingextra
1: wast
1: waters
1: waterwell
1: waynever
1: ways
1: wearily
1: weary
1: weather
1: weeks
1: welcomes
1: wells
1: wept
1: werent
1: wheres
1: whereupon
1: whiles
1: whilst
1: whispers
1: whistle
1: whistling
1: wider
1: wife
1: win
1: wings
1: winter
1: witherd
1: withina
1: withoutMaybe
1: wits
1: woke
1: woman
1: womanbut
1: wondered
1: wonders
1: wooden
1: woodshe
1: wore
1: worm
1: worried
1: worry
1: wrapping
1: wreath
1: wriggling
1: wrinkle
1: writingdesk
1: writingdesks
1: yards
1: ye
1: yelled
1: yelp
1: yes
1: yetOh
1: yetand
1: yetits
1: youWhat
1: youall
1: youare
1: zigzag
